<?xml version="1.0" encoding="UTF-8"?>
<!-- Generated by org.testng.reporters.JUnitXMLReporter -->
<testsuite ignored="0" hostname="DESKTOP-GGEE7SN" failures="0" tests="4" name="Test" time="5.612" errors="0" timestamp="2023-07-18T14:28:57 IST">
  <testcase classname="com.narnaul.testcases.CreateCustomerTest" name="validateCustomerValidKey" time="4.565"/>
  <testcase classname="com.narnaul.testcases.TestParametrization" name="testData" time="0.003"/>
  <testcase classname="com.narnaul.testcases.TestParametrization" name="testData" time="0.003"/>
  <testcase classname="com.narnaul.testcases.TestParametrization" name="testData" time="0.005"/>
</testsuite> <!-- Test -->
