<?xml version="1.0" encoding="UTF-8"?>
<!-- Generated by org.testng.reporters.JUnitXMLReporter -->
<testsuite ignored="0" hostname="DESKTOP-GGEE7SN" failures="0" tests="5" name="Test" time="5.601" errors="0" timestamp="2023-07-18T18:37:06 IST">
  <testcase classname="com.narnaul.testcases.CodekruTest" name="test" time="0.012"/>
  <testcase classname="com.narnaul.testcases.TestParametrization" name="testData" time="0.003"/>
  <testcase classname="com.narnaul.testcases.TestParametrization" name="testData" time="0.017"/>
  <testcase classname="com.narnaul.testcases.TestParametrization" name="testData" time="0.011"/>
  <testcase classname="com.narnaul.testcases.CreateCustomerTest" name="validateCustomerValidKey" time="5.48"/>
</testsuite> <!-- Test -->
