<?xml version="1.0" encoding="UTF-8"?>
<!-- Generated by org.testng.reporters.JUnitXMLReporter -->
<testsuite ignored="0" hostname="DESKTOP-GGEE7SN" failures="0" tests="4" name="Test" time="9.955" errors="0" timestamp="19 Jul 2023 20:51:05 GMT">
  <testcase classname="com.narnaul.testcases.CreateCustomerTest" name="validateCustomerValidKey" time="8.725"/>
  <testcase classname="com.narnaul.testcases.TestParametrization" name="testData" time="0.002"/>
  <testcase classname="com.narnaul.testcases.TestParametrization" name="testData" time="0.001"/>
  <testcase classname="com.narnaul.testcases.TestParametrization" name="testData" time="0.002"/>
</testsuite> <!-- Test -->
