<?xml version="1.0" encoding="UTF-8"?>
<testsuite xmlns:xsi="http://www.w3.org/2001/XMLSchema-instance" xsi:noNamespaceSchemaLocation="https://maven.apache.org/surefire/maven-surefire-plugin/xsd/surefire-test-report-3.0.xsd" version="3.0" name="TestSuite" time="18.703" tests="4" errors="0" skipped="0" failures="0">
  <properties>
[...]
</properties>
  <testcase name="validateCustomerValidKey" classname="com.narnaul.testcases.CreateCustomerTest" time="8.725">
    <system-out><![CDATA[[TestNGContentHandler] [WARN] It is strongly recommended to add "<!DOCTYPE suite SYSTEM "http://testng.org/testng-1.0.dtd" >" at the top of your file, otherwise TestNG may fail or not work as expected.
Response code --> 200
Getting Id from JSON path : cus_OIHuA2PWYaLcMf
]]></system-out>
  </testcase>
  <testcase name="testData[{currency=rupee, RunMode=Y, amount=1111.0, customer=ram}](1)" classname="com.narnaul.testcases.TestParametrization" time="0.001">
    <system-out><![CDATA[Total Rows: 11
Test case starts at : 7
DataStartRowNum  :9
Total rows of data are : 1
Total rows of data are : 2
Total rows of data are : 3
Total columns are :4
Y ram rupee
]]></system-out>
  </testcase>
  <testcase name="testData[{currency=doller, RunMode=Y, amount=2222.0, customer=shyam}](2)" classname="com.narnaul.testcases.TestParametrization" time="0.013">
    <system-out><![CDATA[Y shyam doller
]]></system-out>
  </testcase>
  <testcase name="testData[{currency=babu, RunMode=N, amount=420.0, customer=raja}](3)" classname="com.narnaul.testcases.TestParametrization" time="0.003">
    <system-out><![CDATA[N raja babu
]]></system-out>
  </testcase>
</testsuite>