<?xml version="1.0" encoding="UTF-8"?>
<testng-results ignored="0" total="5" passed="5" failed="0" skipped="0">
  <reporter-output>
  </reporter-output>
  <suite started-at="2023-07-18T18:37:01 IST" name="Suite" finished-at="2023-07-18T18:37:06 IST" duration-ms="5601">
    <groups>
    </groups>
    <test started-at="2023-07-18T18:37:01 IST" name="Test" finished-at="2023-07-18T18:37:06 IST" duration-ms="5601">
      <class name="com.narnaul.testcases.CodekruTest">
        <test-method signature="test()[pri:0, instance:com.narnaul.testcases.CodekruTest@70e8f8e]" started-at="2023-07-18T18:37:01 IST" name="test" finished-at="2023-07-18T18:37:01 IST" duration-ms="12" status="PASS">
          <reporter-output>
          </reporter-output>
        </test-method> <!-- test -->
      </class> <!-- com.narnaul.testcases.CodekruTest -->
      <class name="com.narnaul.testcases.TestParametrization">
        <test-method signature="testData(java.util.Hashtable)[pri:0, instance:com.narnaul.testcases.TestParametrization@63355449]" started-at="2023-07-18T18:37:02 IST" name="testData" data-provider="getData" finished-at="2023-07-18T18:37:02 IST" duration-ms="3" status="PASS">
          <params>
            <param index="0">
              <value>
                <![CDATA[{currency=rupee, RunMode=Y, amount=1111.0, customer=ram}]]>
              </value>
            </param>
          </params>
          <reporter-output>
          </reporter-output>
        </test-method> <!-- testData -->
        <test-method signature="testData(java.util.Hashtable)[pri:0, instance:com.narnaul.testcases.TestParametrization@63355449]" started-at="2023-07-18T18:37:02 IST" name="testData" data-provider="getData" finished-at="2023-07-18T18:37:02 IST" duration-ms="17" status="PASS">
          <params>
            <param index="0">
              <value>
                <![CDATA[{currency=doller, RunMode=Y, amount=2222.0, customer=shyam}]]>
              </value>
            </param>
          </params>
          <reporter-output>
          </reporter-output>
        </test-method> <!-- testData -->
        <test-method signature="testData(java.util.Hashtable)[pri:0, instance:com.narnaul.testcases.TestParametrization@63355449]" started-at="2023-07-18T18:37:03 IST" name="testData" data-provider="getData" finished-at="2023-07-18T18:37:03 IST" duration-ms="11" status="PASS">
          <params>
            <param index="0">
              <value>
                <![CDATA[{currency=babu, RunMode=N, amount=420.0, customer=raja}]]>
              </value>
            </param>
          </params>
          <reporter-output>
          </reporter-output>
        </test-method> <!-- testData -->
      </class> <!-- com.narnaul.testcases.TestParametrization -->
      <class name="com.narnaul.testcases.CreateCustomerTest">
        <test-method signature="validateCustomerValidKey()[pri:0, instance:com.narnaul.testcases.CreateCustomerTest@7e0b85f9]" started-at="2023-07-18T18:37:01 IST" name="validateCustomerValidKey" finished-at="2023-07-18T18:37:06 IST" duration-ms="5480" status="PASS">
          <reporter-output>
          </reporter-output>
        </test-method> <!-- validateCustomerValidKey -->
      </class> <!-- com.narnaul.testcases.CreateCustomerTest -->
    </test> <!-- Test -->
  </suite> <!-- Suite -->
</testng-results>
